<?xml version="1.0" encoding="UTF-8"?>
<!-- Generated by org.testng.reporters.JUnitReportReporter -->
<testsuite hostname="192-168-1-108.tpgi.com.au" failures="0" tests="4" name="com.HRMS.Scripts.TrainingTest" time="7.812" errors="0" timestamp="2023-04-05T11:10:05 AEST" skipped="0">
  <testcase classname="com.HRMS.Scripts.TrainingTest" name="verifyTrainingButtonstatus" time="0.518"/>
  <system-out/>
  <testcase classname="com.HRMS.Scripts.TrainingTest" name="verifyTrainingTypeSelected" time="2.344"/>
  <system-out/>
  <testcase classname="com.HRMS.Scripts.TrainingTest" name="verifyTrainingTypeUpdated" time="1.647"/>
  <system-out/>
  <testcase classname="com.HRMS.Scripts.TrainingTest" name="verifyContactNumberVisibility" time="3.303"/>
  <system-out/>
</testsuite> <!-- com.HRMS.Scripts.TrainingTest -->
