<?xml version="1.0" encoding="UTF-8"?>
<!-- Generated by org.testng.reporters.JUnitReportReporter -->
<testsuite hostname="192-168-1-108.tpgi.com.au" failures="0" tests="4" name="com.HRMS.Scripts.TrainingTest" time="10.440" errors="0" timestamp="2023-04-09T09:57:51 AEST" skipped="0">
  <testcase classname="com.HRMS.Scripts.TrainingTest" name="verifyTrainingButtonstatus" time="0.364"/>
  <system-out/>
  <testcase classname="com.HRMS.Scripts.TrainingTest" name="verifyTrainingTypeSelected" time="3.660"/>
  <system-out/>
  <testcase classname="com.HRMS.Scripts.TrainingTest" name="verifyTrainingTypeUpdated" time="1.701"/>
  <system-out/>
  <testcase classname="com.HRMS.Scripts.TrainingTest" name="verifyContactNumberVisibility" time="4.715"/>
  <system-out/>
</testsuite> <!-- com.HRMS.Scripts.TrainingTest -->
