<?xml version="1.0" encoding="UTF-8"?>
<!-- Generated by org.testng.reporters.JUnitReportReporter -->
<testsuite hostname="192-168-1-108.tpgi.com.au" failures="0" tests="3" name="com.HRMS.Scripts.OrganizationTest" time="21.498" errors="0" timestamp="2023-03-20T18:10:04 AEDT" skipped="0">
  <testcase classname="com.HRMS.Scripts.OrganizationTest" name="verifyCompanyType" time="10.094"/>
  <system-out/>
  <testcase classname="com.HRMS.Scripts.OrganizationTest" name="verifyAddedPersonDetails" time="9.970"/>
  <system-out/>
  <testcase classname="com.HRMS.Scripts.OrganizationTest" name="verifyEmailFieldStatus" time="1.434"/>
  <system-out/>
</testsuite> <!-- com.HRMS.Scripts.OrganizationTest -->
