<?xml version="1.0" encoding="UTF-8"?>
<!-- Generated by org.testng.reporters.JUnitReportReporter -->
<testsuite hostname="192-168-1-108.tpgi.com.au" failures="0" tests="3" name="com.HRMS.Scripts.HRReportsPageTest" time="10.858" errors="0" timestamp="2023-04-09T09:55:07 AEST" skipped="0">
  <testcase classname="com.HRMS.Scripts.HRReportsPageTest" name="verifyProjectReportStatusisListed" time="3.870"/>
  <system-out/>
  <testcase classname="com.HRMS.Scripts.HRReportsPageTest" name="verifyUserReportDetails" time="3.504"/>
  <system-out/>
  <testcase classname="com.HRMS.Scripts.HRReportsPageTest" name="verifyEmployeeIDisListed" time="3.484"/>
  <system-out/>
</testsuite> <!-- com.HRMS.Scripts.HRReportsPageTest -->
