<?xml version="1.0" encoding="UTF-8"?>
<!-- Generated by org.testng.reporters.JUnitReportReporter -->
<testsuite hostname="192-168-1-108.tpgi.com.au" failures="0" tests="3" name="com.HRMS.Scripts.ProjectManagerTest" time="11.091" errors="0" timestamp="2023-04-17T11:30:27 AEST" skipped="0">
  <testcase classname="com.HRMS.Scripts.ProjectManagerTest" name="verifyProjectCount" time="3.500"/>
  <system-out/>
  <testcase classname="com.HRMS.Scripts.ProjectManagerTest" name="verifyCountrySelection" time="3.867"/>
  <system-out/>
  <testcase classname="com.HRMS.Scripts.ProjectManagerTest" name="verifyTaxTypeEntered" time="3.724"/>
  <system-out/>
</testsuite> <!-- com.HRMS.Scripts.ProjectManagerTest -->
