<?xml version="1.0" encoding="UTF-8"?>
<!-- Generated by org.testng.reporters.JUnitReportReporter -->
<testsuite hostname="192-168-1-108.tpgi.com.au" failures="0" tests="3" name="com.HRMS.Scripts.HRReportsPageTest" time="8.176" errors="0" timestamp="2023-04-17T11:30:26 AEST" skipped="0">
  <testcase classname="com.HRMS.Scripts.HRReportsPageTest" name="verifyProjectReportStatusisListed" time="2.794"/>
  <system-out/>
  <testcase classname="com.HRMS.Scripts.HRReportsPageTest" name="verifyUserReportDetails" time="2.539"/>
  <system-out/>
  <testcase classname="com.HRMS.Scripts.HRReportsPageTest" name="verifyEmployeeIDisListed" time="2.843"/>
  <system-out/>
</testsuite> <!-- com.HRMS.Scripts.HRReportsPageTest -->
