<?xml version="1.0" encoding="UTF-8"?>
<!-- Generated by org.testng.reporters.JUnitReportReporter -->
<testsuite hostname="192-168-1-108.tpgi.com.au" failures="0" tests="4" name="com.HRMS.Scripts.FinanceTest" time="12.207" errors="0" timestamp="2023-04-09T09:55:07 AEST" skipped="0">
  <testcase classname="com.HRMS.Scripts.FinanceTest" name="verifyAddedAccountDetails" time="3.933"/>
  <system-out/>
  <testcase classname="com.HRMS.Scripts.FinanceTest" name="verifyFixedAccountBalance" time="0.370"/>
  <system-out/>
  <testcase classname="com.HRMS.Scripts.FinanceTest" name="verifyAddedPayeeDetails" time="3.489"/>
  <system-out/>
  <testcase classname="com.HRMS.Scripts.FinanceTest" name="verifyPayerDetails" time="4.415"/>
  <system-out/>
</testsuite> <!-- com.HRMS.Scripts.FinanceTest -->
