<?xml version="1.0" encoding="UTF-8"?>
<!-- Generated by org.testng.reporters.JUnitReportReporter -->
<testsuite hostname="192-168-1-108.tpgi.com.au" failures="0" tests="6" name="com.HRMS.Scripts.StaffTest" time="17.671" errors="0" timestamp="2023-04-12T11:23:31 AEST" skipped="0">
  <testcase classname="com.HRMS.Scripts.StaffTest" name="verifyAddedRoleisListed" time="8.976"/>
  <system-out/>
  <testcase classname="com.HRMS.Scripts.StaffTest" name="verifyAddedRoleisDeleted" time="1.684"/>
  <system-out/>
  <testcase classname="com.HRMS.Scripts.StaffTest" name="verifyCompanySelection" time="2.310"/>
  <system-out/>
  <testcase classname="com.HRMS.Scripts.StaffTest" name="verifyCompanyStaffRecords" time="1.818"/>
  <system-out/>
  <testcase classname="com.HRMS.Scripts.StaffTest" name="verifyfilterButtonStatus" time="1.804"/>
  <system-out/>
  <testcase classname="com.HRMS.Scripts.StaffTest" name="checkActiveOptionStatus" time="1.079"/>
  <system-out/>
</testsuite> <!-- com.HRMS.Scripts.StaffTest -->
