<?xml version="1.0" encoding="UTF-8"?>
<!-- Generated by org.testng.reporters.JUnitReportReporter -->
<testsuite hostname="192-168-1-108.tpgi.com.au" failures="0" tests="7" name="com.HRMS.Scripts.StaffTest" time="34.439" errors="0" timestamp="2023-04-03T23:17:59 AEST" skipped="0">
  <testcase classname="com.HRMS.Scripts.StaffTest" name="verifyLoginValidUserValidPassword" time="10.550"/>
  <system-out/>
  <testcase classname="com.HRMS.Scripts.StaffTest" name="verifyAddedRoleisListed" time="10.455"/>
  <system-out/>
  <testcase classname="com.HRMS.Scripts.StaffTest" name="verifyAddedRoleisDeleted" time="1.845"/>
  <system-out/>
  <testcase classname="com.HRMS.Scripts.StaffTest" name="verifyCompanySelection" time="3.058"/>
  <system-out/>
  <testcase classname="com.HRMS.Scripts.StaffTest" name="verifyCompanyStaffRecords" time="4.896"/>
  <system-out/>
  <testcase classname="com.HRMS.Scripts.StaffTest" name="verifyfilterButtonStatus" time="2.003"/>
  <system-out/>
  <testcase classname="com.HRMS.Scripts.StaffTest" name="checkActiveOptionStatus" time="1.632"/>
  <system-out/>
</testsuite> <!-- com.HRMS.Scripts.StaffTest -->
