<?xml version="1.0" encoding="UTF-8"?>
<!-- Generated by org.testng.reporters.JUnitReportReporter -->
<testsuite hostname="192-168-1-108.tpgi.com.au" failures="0" tests="5" name="com.HRMS.Scripts.StaffTest" time="39.526" errors="0" timestamp="2023-03-20T18:10:04 AEDT" skipped="0">
  <testcase classname="com.HRMS.Scripts.StaffTest" name="checkEntries" time="10.250"/>
  <system-out/>
  <testcase classname="com.HRMS.Scripts.StaffTest" name="verifyCompanySelection" time="7.697"/>
  <system-out/>
  <testcase classname="com.HRMS.Scripts.StaffTest" name="selectedCompanyRecords" time="6.124"/>
  <system-out/>
  <testcase classname="com.HRMS.Scripts.StaffTest" name="filterButtonStatus" time="6.345"/>
  <system-out/>
  <testcase classname="com.HRMS.Scripts.StaffTest" name="checkActiveOption" time="9.110"/>
  <system-out/>
</testsuite> <!-- com.HRMS.Scripts.StaffTest -->
