<?xml version="1.0" encoding="UTF-8"?>
<!-- Generated by org.testng.reporters.JUnitReportReporter -->
<testsuite hostname="192-168-1-108.tpgi.com.au" failures="0" tests="3" name="com.HRMS.Scripts.TrainingTest" time="15.344" errors="0" timestamp="2023-03-20T18:10:04 AEDT" skipped="0">
  <testcase classname="com.HRMS.Scripts.TrainingTest" name="checkTrainingButtonstatus" time="1.396"/>
  <system-out/>
  <testcase classname="com.HRMS.Scripts.TrainingTest" name="setTrainingType" time="7.846"/>
  <system-out/>
  <testcase classname="com.HRMS.Scripts.TrainingTest" name="listAllTrainersDisplayed" time="6.102"/>
  <system-out/>
</testsuite> <!-- com.HRMS.Scripts.TrainingTest -->
