<?xml version="1.0" encoding="UTF-8"?>
<!-- Generated by org.testng.reporters.JUnitReportReporter -->
<testsuite hostname="192-168-1-108.tpgi.com.au" failures="0" tests="3" name="com.HRMS.Scripts.ProjectManagerTest" time="12.114" errors="0" timestamp="2023-04-18T10:56:40 AEST" skipped="0">
  <testcase classname="com.HRMS.Scripts.ProjectManagerTest" name="verifyProjectCount" time="4.593"/>
  <system-out/>
  <testcase classname="com.HRMS.Scripts.ProjectManagerTest" name="verifyCountrySelection" time="4.336"/>
  <system-out/>
  <testcase classname="com.HRMS.Scripts.ProjectManagerTest" name="verifyTaxTypeEntered" time="3.185"/>
  <system-out/>
</testsuite> <!-- com.HRMS.Scripts.ProjectManagerTest -->
