<?xml version="1.0" encoding="UTF-8"?>
<!-- Generated by org.testng.reporters.JUnitReportReporter -->
<testsuite hostname="192-168-1-108.tpgi.com.au" failures="0" tests="2" name="com.HRMS.Base.TestBase" time="1.852" errors="0" timestamp="2023-03-21T19:18:26 AEDT" skipped="0">
  <testcase classname="com.HRMS.Base.TestBase" name="testBase" time="1.138"/>
  <system-out/>
  <testcase classname="com.HRMS.Base.TestBase" name="testBase" time="0.714"/>
  <system-out/>
</testsuite> <!-- com.HRMS.Base.TestBase -->
