<?xml version="1.0" encoding="UTF-8"?>
<!-- Generated by org.testng.reporters.JUnitReportReporter -->
<testsuite hostname="192-168-1-108.tpgi.com.au" failures="0" tests="4" name="com.HRMS.Scripts.ProjectManagerTest" time="41.381" errors="0" timestamp="2023-04-03T23:17:58 AEST" skipped="0">
  <testcase classname="com.HRMS.Scripts.ProjectManagerTest" name="verifyLoginValidUserValidPassword" time="16.743"/>
  <system-out/>
  <testcase classname="com.HRMS.Scripts.ProjectManagerTest" name="verifyProjectCount" time="8.530"/>
  <system-out/>
  <testcase classname="com.HRMS.Scripts.ProjectManagerTest" name="verifyCountrySelection" time="7.453"/>
  <system-out/>
  <testcase classname="com.HRMS.Scripts.ProjectManagerTest" name="verifyTaxTypeEntered" time="8.655"/>
  <system-out/>
</testsuite> <!-- com.HRMS.Scripts.ProjectManagerTest -->
