<?xml version="1.0" encoding="UTF-8"?>
<!-- Generated by org.testng.reporters.JUnitReportReporter -->
<testsuite hostname="192-168-1-108.tpgi.com.au" failures="0" tests="4" name="com.HRMS.Scripts.FinanceTest" time="9.393" errors="0" timestamp="2023-04-05T11:10:05 AEST" skipped="0">
  <testcase classname="com.HRMS.Scripts.FinanceTest" name="verifyAddedAccountDetails" time="2.228"/>
  <system-out/>
  <testcase classname="com.HRMS.Scripts.FinanceTest" name="verifyFixedAccountBalance" time="0.343"/>
  <system-out/>
  <testcase classname="com.HRMS.Scripts.FinanceTest" name="verifyAddedPayeeDetails" time="2.523"/>
  <system-out/>
  <testcase classname="com.HRMS.Scripts.FinanceTest" name="verifyPayerDetails" time="4.299"/>
  <system-out/>
</testsuite> <!-- com.HRMS.Scripts.FinanceTest -->
