<?xml version="1.0" encoding="UTF-8"?>
<!-- Generated by org.testng.reporters.JUnitReportReporter -->
<testsuite hostname="192-168-1-108.tpgi.com.au" failures="0" tests="3" name="com.HRMS.Scripts.ProjectManagerTest" time="20.474" errors="0" timestamp="2023-03-20T18:10:04 AEDT" skipped="0">
  <testcase classname="com.HRMS.Scripts.ProjectManagerTest" name="verifyProjectSearch" time="8.085"/>
  <system-out/>
  <testcase classname="com.HRMS.Scripts.ProjectManagerTest" name="verifySaveButtonStatus" time="6.661"/>
  <system-out/>
  <testcase classname="com.HRMS.Scripts.ProjectManagerTest" name="verifyCountrySelection" time="5.728"/>
  <system-out/>
</testsuite> <!-- com.HRMS.Scripts.ProjectManagerTest -->
