<?xml version="1.0" encoding="UTF-8"?>
<!-- Generated by org.testng.reporters.JUnitReportReporter -->
<testsuite hostname="192-168-1-108.tpgi.com.au" failures="0" tests="6" name="com.HRMS.Scripts.OrganizationTest" time="20.040" errors="0" timestamp="2023-04-18T10:56:40 AEST" skipped="0">
  <testcase classname="com.HRMS.Scripts.OrganizationTest" name="verifyAddedPersonDetails" time="5.079"/>
  <system-out/>
  <testcase classname="com.HRMS.Scripts.OrganizationTest" name="verifyOfficialDocumentsType" time="2.570"/>
  <system-out/>
  <testcase classname="com.HRMS.Scripts.OrganizationTest" name="verifyLocationDetails" time="2.817"/>
  <system-out/>
  <testcase classname="com.HRMS.Scripts.OrganizationTest" name="verifyDesignationAdded" time="3.414"/>
  <system-out/>
  <testcase classname="com.HRMS.Scripts.OrganizationTest" name="verifyAddedCompaanyPolicyTitle" time="2.912"/>
  <system-out/>
  <testcase classname="com.HRMS.Scripts.OrganizationTest" name="verifyCompanyPolicyUpdated" time="3.248"/>
  <system-out/>
</testsuite> <!-- com.HRMS.Scripts.OrganizationTest -->
