<?xml version="1.0" encoding="UTF-8"?>
<!-- Generated by org.testng.reporters.JUnitReportReporter -->
<testsuite hostname="192-168-1-108.tpgi.com.au" failures="0" tests="7" name="com.HRMS.Scripts.OrganizationTest" time="46.995" errors="0" timestamp="2023-04-03T23:17:59 AEST" skipped="0">
  <testcase classname="com.HRMS.Scripts.OrganizationTest" name="verifyLoginValidUserValidPassword" time="10.903"/>
  <system-out/>
  <testcase classname="com.HRMS.Scripts.OrganizationTest" name="verifyAddedPersonDetails" time="7.048"/>
  <system-out/>
  <testcase classname="com.HRMS.Scripts.OrganizationTest" name="verifyOfficialDocumentsType" time="4.265"/>
  <system-out/>
  <testcase classname="com.HRMS.Scripts.OrganizationTest" name="verifyLocationDetails" time="4.835"/>
  <system-out/>
  <testcase classname="com.HRMS.Scripts.OrganizationTest" name="verifyDesignationAdded" time="4.150"/>
  <system-out/>
  <testcase classname="com.HRMS.Scripts.OrganizationTest" name="verifyAddedCompaanyPolicyTitle" time="10.648"/>
  <system-out/>
  <testcase classname="com.HRMS.Scripts.OrganizationTest" name="verifyCompanyPolicyUpdated" time="5.146"/>
  <system-out/>
</testsuite> <!-- com.HRMS.Scripts.OrganizationTest -->
