<?xml version="1.0" encoding="UTF-8"?>
<!-- Generated by org.testng.reporters.JUnitReportReporter -->
<testsuite hostname="192-168-1-108.tpgi.com.au" failures="0" tests="4" name="com.HRMS.Scripts.LoginTest" time="7.551" errors="0" timestamp="2023-04-05T11:10:05 AEST" skipped="3">
  <testcase classname="com.HRMS.Scripts.LoginTest" name="verifyLoginValidUserValidPassword" time="7.551"/>
  <system-out/>
  <testcase classname="com.HRMS.Scripts.LoginTest" name="verifyLoginValidUserInvalidPassword">
    <skipped/>
  </testcase> <!-- verifyLoginValidUserInvalidPassword -->
  <system-out/>
  <testcase classname="com.HRMS.Scripts.LoginTest" name="verifyLoginInvalidUserInvalidPassword">
    <skipped/>
  </testcase> <!-- verifyLoginInvalidUserInvalidPassword -->
  <system-out/>
  <testcase classname="com.HRMS.Scripts.LoginTest" name="verifyLoginInvalidUserValidPassword">
    <skipped/>
  </testcase> <!-- verifyLoginInvalidUserValidPassword -->
  <system-out/>
</testsuite> <!-- com.HRMS.Scripts.LoginTest -->
