<?xml version="1.0" encoding="UTF-8"?>
<!-- Generated by org.testng.reporters.JUnitReportReporter -->
<testsuite hostname="192-168-1-108.tpgi.com.au" failures="0" tests="2" name="com.HRMS.Scripts.FinanceTest" time="10.981" errors="0" timestamp="2023-03-20T18:10:04 AEDT" skipped="0">
  <testcase classname="com.HRMS.Scripts.FinanceTest" name="checkAddNewAccountText" time="6.858"/>
  <system-out/>
  <testcase classname="com.HRMS.Scripts.FinanceTest" name="addAccountDetails" time="4.123"/>
  <system-out/>
</testsuite> <!-- com.HRMS.Scripts.FinanceTest -->
