<?xml version="1.0" encoding="UTF-8"?>
<!-- Generated by org.testng.reporters.JUnitReportReporter -->
<testsuite hostname="192-168-1-108.tpgi.com.au" failures="0" tests="6" name="com.HRMS.Scripts.StaffTest" time="23.361" errors="0" timestamp="2023-04-09T09:57:51 AEST" skipped="0">
  <testcase classname="com.HRMS.Scripts.StaffTest" name="verifyAddedRoleisListed" time="15.156"/>
  <system-out/>
  <testcase classname="com.HRMS.Scripts.StaffTest" name="verifyAddedRoleisDeleted" time="1.662"/>
  <system-out/>
  <testcase classname="com.HRMS.Scripts.StaffTest" name="verifyCompanySelection" time="2.493"/>
  <system-out/>
  <testcase classname="com.HRMS.Scripts.StaffTest" name="verifyCompanyStaffRecords" time="1.645"/>
  <system-out/>
  <testcase classname="com.HRMS.Scripts.StaffTest" name="verifyfilterButtonStatus" time="1.235"/>
  <system-out/>
  <testcase classname="com.HRMS.Scripts.StaffTest" name="checkActiveOptionStatus" time="1.170"/>
  <system-out/>
</testsuite> <!-- com.HRMS.Scripts.StaffTest -->
