<?xml version="1.0" encoding="UTF-8"?>
<!-- Generated by org.testng.reporters.JUnitReportReporter -->
<testsuite hostname="192-168-1-108.tpgi.com.au" failures="0" tests="6" name="com.HRMS.Scripts.StaffTest" time="12.427" errors="0" timestamp="2023-04-05T11:10:05 AEST" skipped="0">
  <testcase classname="com.HRMS.Scripts.StaffTest" name="verifyAddedRoleisListed" time="3.580"/>
  <system-out/>
  <testcase classname="com.HRMS.Scripts.StaffTest" name="verifyAddedRoleisDeleted" time="1.680"/>
  <system-out/>
  <testcase classname="com.HRMS.Scripts.StaffTest" name="verifyCompanySelection" time="2.466"/>
  <system-out/>
  <testcase classname="com.HRMS.Scripts.StaffTest" name="verifyCompanyStaffRecords" time="1.789"/>
  <system-out/>
  <testcase classname="com.HRMS.Scripts.StaffTest" name="verifyfilterButtonStatus" time="1.842"/>
  <system-out/>
  <testcase classname="com.HRMS.Scripts.StaffTest" name="checkActiveOptionStatus" time="1.070"/>
  <system-out/>
</testsuite> <!-- com.HRMS.Scripts.StaffTest -->
