<?xml version="1.0" encoding="UTF-8"?>
<!-- Generated by org.testng.reporters.JUnitReportReporter -->
<testsuite hostname="192-168-1-108.tpgi.com.au" failures="0" tests="1" name="com.HRMS.Scripts.HomeTest" time="0.243" errors="0" timestamp="2023-03-20T13:43:46 AEDT" skipped="0">
  <testcase classname="com.HRMS.Scripts.HomeTest" name="verifyWelcomeMessage" time="0.243"/>
  <system-out/>
</testsuite> <!-- com.HRMS.Scripts.HomeTest -->
