<?xml version="1.0" encoding="UTF-8"?>
<!-- Generated by org.testng.reporters.JUnitReportReporter -->
<testsuite hostname="192-168-1-108.tpgi.com.au" failures="0" tests="6" name="com.HRMS.Scripts.StaffTest" time="18.436" errors="0" timestamp="2023-04-18T10:56:40 AEST" skipped="0">
  <testcase classname="com.HRMS.Scripts.StaffTest" name="verifyAddedRoleisListed" time="8.068"/>
  <system-out/>
  <testcase classname="com.HRMS.Scripts.StaffTest" name="verifyAddedRoleisDeleted" time="1.766"/>
  <system-out/>
  <testcase classname="com.HRMS.Scripts.StaffTest" name="verifyCompanySelection" time="2.612"/>
  <system-out/>
  <testcase classname="com.HRMS.Scripts.StaffTest" name="verifyCompanyStaffRecords" time="2.126"/>
  <system-out/>
  <testcase classname="com.HRMS.Scripts.StaffTest" name="verifyfilterButtonStatus" time="2.514"/>
  <system-out/>
  <testcase classname="com.HRMS.Scripts.StaffTest" name="checkActiveOptionStatus" time="1.350"/>
  <system-out/>
</testsuite> <!-- com.HRMS.Scripts.StaffTest -->
