<?xml version="1.0" encoding="UTF-8"?>
<!-- Generated by org.testng.reporters.JUnitReportReporter -->
<testsuite hostname="192-168-1-108.tpgi.com.au" failures="0" tests="4" name="com.HRMS.Scripts.FinanceTest" time="9.174" errors="0" timestamp="2023-04-12T11:23:31 AEST" skipped="0">
  <testcase classname="com.HRMS.Scripts.FinanceTest" name="verifyAddedAccountDetails" time="2.547"/>
  <system-out/>
  <testcase classname="com.HRMS.Scripts.FinanceTest" name="verifyFixedAccountBalance" time="0.313"/>
  <system-out/>
  <testcase classname="com.HRMS.Scripts.FinanceTest" name="verifyAddedPayeeDetails" time="2.282"/>
  <system-out/>
  <testcase classname="com.HRMS.Scripts.FinanceTest" name="verifyPayerDetails" time="4.032"/>
  <system-out/>
</testsuite> <!-- com.HRMS.Scripts.FinanceTest -->
