<?xml version="1.0" encoding="UTF-8"?>
<!-- Generated by org.testng.reporters.JUnitReportReporter -->
<testsuite hostname="192-168-1-108.tpgi.com.au" failures="0" tests="3" name="com.HRMS.Scripts.ProjectManagerTest" time="9.308" errors="0" timestamp="2023-04-12T11:23:31 AEST" skipped="0">
  <testcase classname="com.HRMS.Scripts.ProjectManagerTest" name="verifyProjectCount" time="3.386"/>
  <system-out/>
  <testcase classname="com.HRMS.Scripts.ProjectManagerTest" name="verifyCountrySelection" time="3.761"/>
  <system-out/>
  <testcase classname="com.HRMS.Scripts.ProjectManagerTest" name="verifyTaxTypeEntered" time="2.161"/>
  <system-out/>
</testsuite> <!-- com.HRMS.Scripts.ProjectManagerTest -->
