<?xml version="1.0" encoding="UTF-8"?>
<!-- Generated by org.testng.reporters.JUnitReportReporter -->
<testsuite skipped="0" hostname="192-168-1-108.tpgi.com.au" name="com.HRMS.Base.LoginTest" tests="1" failures="0" timestamp="2023-03-12T13:15:46 AEDT" time="3.106" errors="0">
  <testcase name="verifyLoginValidUserInvalidPassword" time="3.106" classname="com.HRMS.Base.LoginTest"/>
  <system-out/>
</testsuite> <!-- com.HRMS.Base.LoginTest -->
