<?xml version="1.0" encoding="UTF-8"?>
<!-- Generated by org.testng.reporters.JUnitReportReporter -->
<testsuite hostname="192-168-1-108.tpgi.com.au" failures="0" tests="3" name="com.HRMS.Scripts.AssetPageTest" time="4.584" errors="0" timestamp="2023-03-27T21:02:34 AEDT" skipped="0">
  <testcase classname="com.HRMS.Scripts.AssetPageTest" name="testBase" time="0.259"/>
  <system-out/>
  <testcase classname="com.HRMS.Scripts.AssetPageTest" name="verifyCategorySearched" time="2.973"/>
  <system-out/>
  <testcase classname="com.HRMS.Scripts.AssetPageTest" name="verifyCategoryDeleted" time="1.352"/>
  <system-out/>
</testsuite> <!-- com.HRMS.Scripts.AssetPageTest -->
