<?xml version="1.0" encoding="UTF-8"?>
<!-- Generated by org.testng.reporters.JUnitReportReporter -->
<testsuite hostname="192-168-1-108.tpgi.com.au" failures="0" tests="3" name="com.HRMS.Scripts.HRReportsPageTest" time="10.440" errors="0" timestamp="2023-04-03T21:01:47 AEST" skipped="0">
  <testcase classname="com.HRMS.Scripts.HRReportsPageTest" name="verifyProjectReportStatusisListed" time="3.608"/>
  <system-out/>
  <testcase classname="com.HRMS.Scripts.HRReportsPageTest" name="verifyUserReportDetails" time="3.391"/>
  <system-out/>
  <testcase classname="com.HRMS.Scripts.HRReportsPageTest" name="verifyEmployeeIDisListed" time="3.441"/>
  <system-out/>
</testsuite> <!-- com.HRMS.Scripts.HRReportsPageTest -->
