<?xml version="1.0" encoding="UTF-8"?>
<!-- Generated by org.testng.reporters.JUnitReportReporter -->
<testsuite hostname="192-168-1-108.tpgi.com.au" failures="0" tests="4" name="com.HRMS.Scripts.LoginTest" time="36.454" errors="0" timestamp="2023-03-20T18:10:04 AEDT" skipped="0">
  <testcase classname="com.HRMS.Scripts.LoginTest" name="verifyLoginValidUserInvalidPassword" time="10.130"/>
  <system-out/>
  <testcase classname="com.HRMS.Scripts.LoginTest" name="verifyLoginInvalidUserValidPassword" time="4.928"/>
  <system-out/>
  <testcase classname="com.HRMS.Scripts.LoginTest" name="verifyLoginInvalidUserInvalidPassword" time="4.866"/>
  <system-out/>
  <testcase classname="com.HRMS.Scripts.LoginTest" name="verifyLoginValidUserValidPassword" time="16.530"/>
  <system-out/>
</testsuite> <!-- com.HRMS.Scripts.LoginTest -->
