<?xml version="1.0" encoding="UTF-8"?>
<!-- Generated by org.testng.reporters.JUnitReportReporter -->
<testsuite hostname="192-168-1-108.tpgi.com.au" failures="0" tests="6" name="com.HRMS.Scripts.StaffTest" time="17.466" errors="0" timestamp="2023-04-17T11:30:27 AEST" skipped="0">
  <testcase classname="com.HRMS.Scripts.StaffTest" name="verifyAddedRoleisListed" time="8.713"/>
  <system-out/>
  <testcase classname="com.HRMS.Scripts.StaffTest" name="verifyAddedRoleisDeleted" time="1.641"/>
  <system-out/>
  <testcase classname="com.HRMS.Scripts.StaffTest" name="verifyCompanySelection" time="2.103"/>
  <system-out/>
  <testcase classname="com.HRMS.Scripts.StaffTest" name="verifyCompanyStaffRecords" time="2.041"/>
  <system-out/>
  <testcase classname="com.HRMS.Scripts.StaffTest" name="verifyfilterButtonStatus" time="1.908"/>
  <system-out/>
  <testcase classname="com.HRMS.Scripts.StaffTest" name="checkActiveOptionStatus" time="1.060"/>
  <system-out/>
</testsuite> <!-- com.HRMS.Scripts.StaffTest -->
